Línea 15: la clase MSAdodcLib.Adodc del control Busqueda no era una clase de control cargada.
Línea 21: el nombre de la propiedad _ExtentX de Busqueda no es válido.
Línea 22: el nombre de la propiedad _ExtentY de Busqueda no es válido.
Línea 23: el nombre de la propiedad ConnectMode de Busqueda no es válido.
Línea 24: el nombre de la propiedad CursorLocation de Busqueda no es válido.
Línea 25: el nombre de la propiedad IsolationLevel de Busqueda no es válido.
Línea 26: el nombre de la propiedad ConnectionTimeout de Busqueda no es válido.
Línea 27: el nombre de la propiedad CommandTimeout de Busqueda no es válido.
Línea 28: el nombre de la propiedad CursorType de Busqueda no es válido.
Línea 29: el nombre de la propiedad LockType de Busqueda no es válido.
Línea 30: el nombre de la propiedad CommandType de Busqueda no es válido.
Línea 31: el nombre de la propiedad CursorOptions de Busqueda no es válido.
Línea 32: el nombre de la propiedad CacheSize de Busqueda no es válido.
Línea 33: el nombre de la propiedad MaxRecords de Busqueda no es válido.
Línea 34: el nombre de la propiedad BOFAction de Busqueda no es válido.
Línea 35: el nombre de la propiedad EOFAction de Busqueda no es válido.
Línea 36: el nombre de la propiedad ConnectStringType de Busqueda no es válido.
Línea 40: el nombre de la propiedad Orientation de Busqueda no es válido.
Línea 42: el nombre de la propiedad Connect de Busqueda no es válido.
Línea 43: el nombre de la propiedad OLEDBString de Busqueda no es válido.
Línea 44: el nombre de la propiedad OLEDBFile de Busqueda no es válido.
Línea 45: el nombre de la propiedad DataSourceName de Busqueda no es válido.
Línea 46: el nombre de la propiedad OtherAttributes de Busqueda no es válido.
Línea 47: el nombre de la propiedad UserName de Busqueda no es válido.
Línea 48: el nombre de la propiedad Password de Busqueda no es válido.
Línea 49: el nombre de la propiedad RecordSource de Busqueda no es válido.
Línea 50: el nombre de la propiedad Caption de Busqueda no es válido.
Línea 60: el nombre de la propiedad _Version de Busqueda no es válido.
